# JRE version: Java(TM) SE Runtime Environment (21.0.4+8) (build 21.0.4+8-LTS-274)
# Java VM: Java HotSpot(TM) 64-Bit Server VM (21.0.4+8-LTS-274, mixed mode, emulated-client, sharing, tiered, compressed oops, compressed class ptrs, g1 gc, windows-amd64)
GC Precious Log:
 CardTable entry size: 512
 Card Set container configuration: InlinePtr #cards 4 size 8 Array Of Cards #cards 16 size 48 Howl #buckets 8 coarsen threshold 3686 Howl Bitmap #cards 512 size 80 coarsen threshold 460 Card regions per heap region 1 cards per card region 4096
 CPUs: 12 total, 12 available
 Memory: 16092M
 Large Page Support: Disabled
 NUMA Support: Disabled
 Compressed Oops: Enabled (Zero based)
 Heap Region Size: 2M
 Heap Min Capacity: 8M
 Heap Initial Capacity: 252M
 Heap Max Capacity: 4024M
 Pre-touch: Disabled
 Parallel Workers: 10
 Concurrent Workers: 3
 Concurrent Refinement Workers: 10
 Periodic GC: Disabled
Heap:
 garbage-first heap   total 71680K, used 38444K [0x0000000704800000, 0x0000000800000000)
  region size 2048K, 6 young (12288K), 2 survivors (4096K)
 Metaspace       used 66505K, committed 67520K, reserved 1114112K
  class space    used 9536K, committed 9920K, reserved 1048576K
GC Heap History (20 events):
Event: 11.210 GC heap after
{Heap after GC invocations=9 (full 0):
 garbage-first heap   total 71680K, used 25502K [0x0000000704800000, 0x0000000800000000)
  region size 2048K, 3 young (6144K), 3 survivors (6144K)
 Metaspace       used 47499K, committed 48128K, reserved 1114112K
  class space    used 6843K, committed 7104K, reserved 1048576K
}
Event: 13.144 GC heap before
{Heap before GC invocations=9 (full 0):
 garbage-first heap   total 71680K, used 56222K [0x0000000704800000, 0x0000000800000000)
  region size 2048K, 18 young (36864K), 3 survivors (6144K)
 Metaspace       used 55299K, committed 56000K, reserved 1114112K
  class space    used 7900K, committed 8192K, reserved 1048576K
}
Event: 13.152 GC heap after
{Heap after GC invocations=10 (full 0):
 garbage-first heap   total 71680K, used 27372K [0x0000000704800000, 0x0000000800000000)
  region size 2048K, 1 young (2048K), 1 survivors (2048K)
 Metaspace       used 55299K, committed 56000K, reserved 1114112K
  class space    used 7900K, committed 8192K, reserved 1048576K
}
Event: 14.775 GC heap before
{Heap before GC invocations=10 (full 0):
 garbage-first heap   total 71680K, used 49900K [0x0000000704800000, 0x0000000800000000)
  region size 2048K, 13 young (26624K), 1 survivors (2048K)
 Metaspace       used 59589K, committed 60160K, reserved 1114112K
  class space    used 8512K, committed 8768K, reserved 1048576K
}
Event: 14.783 GC heap after
{Heap after GC invocations=11 (full 0):
 garbage-first heap   total 71680K, used 29516K [0x0000000704800000, 0x0000000800000000)
  region size 2048K, 3 young (6144K), 3 survivors (6144K)
 Metaspace       used 59589K, committed 60160K, reserved 1114112K
  class space    used 8512K, committed 8768K, reserved 1048576K
}
Event: 16.376 GC heap before
{Heap before GC invocations=12 (full 0):
 garbage-first heap   total 71680K, used 56140K [0x0000000704800000, 0x0000000800000000)
  region size 2048K, 16 young (32768K), 3 survivors (6144K)
 Metaspace       used 63485K, committed 64192K, reserved 1114112K
  class space    used 9163K, committed 9472K, reserved 1048576K
}
Event: 16.384 GC heap after
{Heap after GC invocations=13 (full 0):
 garbage-first heap   total 71680K, used 31907K [0x0000000704800000, 0x0000000800000000)
  region size 2048K, 2 young (4096K), 2 survivors (4096K)
 Metaspace       used 63485K, committed 64192K, reserved 1114112K
  class space    used 9163K, committed 9472K, reserved 1048576K
}
Event: 357.877 GC heap before
{Heap before GC invocations=13 (full 0):
 garbage-first heap   total 71680K, used 52387K [0x0000000704800000, 0x0000000800000000)
  region size 2048K, 13 young (26624K), 2 survivors (4096K)
 Metaspace       used 66516K, committed 67264K, reserved 1114112K
  class space    used 9600K, committed 9920K, reserved 1048576K
}
Event: 358.009 GC heap after
{Heap after GC invocations=14 (full 1):
 garbage-first heap   total 71680K, used 28128K [0x0000000704800000, 0x0000000800000000)
  region size 2048K, 0 young (0K), 0 survivors (0K)
 Metaspace       used 66516K, committed 67264K, reserved 1114112K
  class space    used 9600K, committed 9920K, reserved 1048576K
}
Event: 358.767 GC heap before
{Heap before GC invocations=14 (full 1):
 garbage-first heap   total 71680K, used 56800K [0x0000000704800000, 0x0000000800000000)
  region size 2048K, 15 young (30720K), 0 survivors (0K)
 Metaspace       used 66526K, committed 67264K, reserved 1114112K
  class space    used 9602K, committed 9920K, reserved 1048576K
}
Event: 358.772 GC heap after
{Heap after GC invocations=15 (full 1):
 garbage-first heap   total 71680K, used 31199K [0x0000000704800000, 0x0000000800000000)
  region size 2048K, 2 young (4096K), 2 survivors (4096K)
 Metaspace       used 66526K, committed 67264K, reserved 1114112K
  class space    used 9602K, committed 9920K, reserved 1048576K
}
Event: 359.798 GC heap before
{Heap before GC invocations=15 (full 1):
 garbage-first heap   total 71680K, used 57823K [0x0000000704800000, 0x0000000800000000)
  region size 2048K, 15 young (30720K), 2 survivors (4096K)
 Metaspace       used 66739K, committed 67456K, reserved 1114112K
  class space    used 9624K, committed 9920K, reserved 1048576K
}
Event: 359.803 GC heap after
{Heap after GC invocations=16 (full 1):
 garbage-first heap   total 71680K, used 33708K [0x0000000704800000, 0x0000000800000000)
  region size 2048K, 2 young (4096K), 2 survivors (4096K)
 Metaspace       used 66739K, committed 67456K, reserved 1114112K
  class space    used 9624K, committed 9920K, reserved 1048576K
}
Event: 363.463 GC heap before
{Heap before GC invocations=16 (full 1):
 garbage-first heap   total 71680K, used 45996K [0x0000000704800000, 0x0000000800000000)
  region size 2048K, 9 young (18432K), 2 survivors (4096K)
 Metaspace       used 66742K, committed 67456K, reserved 1114112K
  class space    used 9626K, committed 9920K, reserved 1048576K
}
Event: 363.558 GC heap after
{Heap after GC invocations=17 (full 2):
 garbage-first heap   total 71680K, used 26641K [0x0000000704800000, 0x0000000800000000)
  region size 2048K, 0 young (0K), 0 survivors (0K)
 Metaspace       used 66383K, committed 67456K, reserved 1114112K
  class space    used 9527K, committed 9920K, reserved 1048576K
}
Event: 364.393 GC heap before
{Heap before GC invocations=17 (full 2):
 garbage-first heap   total 71680K, used 59409K [0x0000000704800000, 0x0000000800000000)
  region size 2048K, 16 young (32768K), 0 survivors (0K)
 Metaspace       used 66388K, committed 67456K, reserved 1114112K
  class space    used 9528K, committed 9920K, reserved 1048576K
}
Event: 364.398 GC heap after
{Heap after GC invocations=18 (full 2):
 garbage-first heap   total 71680K, used 29676K [0x0000000704800000, 0x0000000800000000)
  region size 2048K, 2 young (4096K), 2 survivors (4096K)
 Metaspace       used 66388K, committed 67456K, reserved 1114112K
  class space    used 9528K, committed 9920K, reserved 1048576K
}
Event: 366.127 GC heap before
{Heap before GC invocations=18 (full 2):
 garbage-first heap   total 71680K, used 56300K [0x0000000704800000, 0x0000000800000000)
  region size 2048K, 16 young (32768K), 2 survivors (4096K)
 Metaspace       used 66500K, committed 67520K, reserved 1114112K
  class space    used 9535K, committed 9920K, reserved 1048576K
}
Event: 366.132 GC heap after
{Heap after GC invocations=19 (full 2):
 garbage-first heap   total 71680K, used 32300K [0x0000000704800000, 0x0000000800000000)
  region size 2048K, 2 young (4096K), 2 survivors (4096K)
 Metaspace       used 66500K, committed 67520K, reserved 1114112K
  class space    used 9535K, committed 9920K, reserved 1048576K
}
Event: 373.839 GC heap before
{Heap before GC invocations=19 (full 2):
 garbage-first heap   total 71680K, used 38444K [0x0000000704800000, 0x0000000800000000)
  region size 2048K, 6 young (12288K), 2 survivors (4096K)
 Metaspace       used 66505K, committed 67520K, reserved 1114112K
  class space    used 9536K, committed 9920K, reserved 1048576K
}

